Ter, 14/06/2016 15:30:07 - 
Ter, 14/06/2016 15:30:07 - Aplicativo iniciado
Ter, 14/06/2016 15:30:07 - 
Ter, 14/06/2016 15:30:07 - Service
Ter, 14/06/2016 15:30:10 - 
Ter, 14/06/2016 15:30:10 - Aplicativo finalizado. Tempo de execucao: 2 segundos.
Ter, 14/06/2016 15:30:10 - 
Ter, 14/06/2016 15:31:54 - 
Ter, 14/06/2016 15:31:54 - Aplicativo iniciado
Ter, 14/06/2016 15:31:54 - 
Ter, 14/06/2016 15:31:54 - Service
Ter, 14/06/2016 15:31:56 - 
Ter, 14/06/2016 15:31:56 - Aplicativo finalizado. Tempo de execucao: 2 segundos.
Ter, 14/06/2016 15:31:56 - 
Ter, 14/06/2016 15:32:29 - 
Ter, 14/06/2016 15:32:29 - Aplicativo iniciado
Ter, 14/06/2016 15:32:29 - 
Ter, 14/06/2016 15:32:29 - Service
Ter, 14/06/2016 15:53:53 - 
Ter, 14/06/2016 15:53:53 - Aplicativo iniciado
Ter, 14/06/2016 15:53:53 - 
Ter, 14/06/2016 15:53:53 - Service
Ter, 14/06/2016 15:53:55 - 
Ter, 14/06/2016 15:53:55 - Aplicativo finalizado. Tempo de execucao: 2 segundos.
Ter, 14/06/2016 15:53:55 - 
Ter, 14/06/2016 15:54:36 - 
Ter, 14/06/2016 15:54:36 - Aplicativo iniciado
Ter, 14/06/2016 15:54:36 - 
Ter, 14/06/2016 15:54:36 - Service
Ter, 14/06/2016 16:02:03 - 
Ter, 14/06/2016 16:02:03 - Aplicativo iniciado
Ter, 14/06/2016 16:02:03 - 
Ter, 14/06/2016 16:02:03 - Service
Ter, 14/06/2016 16:02:06 - 
Ter, 14/06/2016 16:02:06 - Aplicativo finalizado. Tempo de execucao: 2 segundos.
Ter, 14/06/2016 16:02:06 - 
Ter, 14/06/2016 16:03:49 - 
Ter, 14/06/2016 16:03:49 - Aplicativo iniciado
Ter, 14/06/2016 16:03:49 - 
Ter, 14/06/2016 16:03:49 - Service
Ter, 14/06/2016 16:19:41 - 
Ter, 14/06/2016 16:19:41 - Aplicativo finalizado. Tempo de execucao: 15 minutos.
Ter, 14/06/2016 16:19:41 - 
Ter, 14/06/2016 16:21:05 - 
Ter, 14/06/2016 16:21:05 - Aplicativo iniciado
Ter, 14/06/2016 16:21:05 - 
Ter, 14/06/2016 16:21:05 - Service
Ter, 14/06/2016 16:21:06 - 
Ter, 14/06/2016 16:21:06 - Aplicativo finalizado. Tempo de execucao: 1 segundos.
Ter, 14/06/2016 16:21:06 - 
Ter, 14/06/2016 16:22:36 - 
Ter, 14/06/2016 16:22:36 - Aplicativo iniciado
Ter, 14/06/2016 16:22:36 - 
Ter, 14/06/2016 16:22:36 - Service
Ter, 14/06/2016 16:22:38 - 
Ter, 14/06/2016 16:22:38 - Aplicativo finalizado. Tempo de execucao: 2 segundos.
Ter, 14/06/2016 16:22:38 - 
Ter, 14/06/2016 16:23:39 - 
Ter, 14/06/2016 16:23:39 - Aplicativo iniciado
Ter, 14/06/2016 16:23:39 - 
Ter, 14/06/2016 16:23:39 - Service
Ter, 14/06/2016 19:55:10 - 
Ter, 14/06/2016 19:55:10 - Aplicativo finalizado. Tempo de execucao: 211 minutos.
Ter, 14/06/2016 19:55:10 - 
