Qui, 05/05/2016 10:06:18 - 
Qui, 05/05/2016 10:06:18 - Aplicativo iniciado
Qui, 05/05/2016 10:06:18 - 
Qui, 05/05/2016 10:06:18 - Service
Qui, 05/05/2016 11:07:12 - 
Qui, 05/05/2016 11:07:12 - Aplicativo finalizado. Tempo de execucao: 60 minutos.
Qui, 05/05/2016 11:07:12 - 
Qui, 05/05/2016 11:21:20 - 
Qui, 05/05/2016 11:21:20 - Aplicativo iniciado
Qui, 05/05/2016 11:21:20 - 
Qui, 05/05/2016 11:21:20 - Service
Qui, 05/05/2016 11:21:34 - 
Qui, 05/05/2016 11:21:34 - Aplicativo iniciado
Qui, 05/05/2016 11:21:34 - 
Qui, 05/05/2016 11:21:34 - Service
Qui, 05/05/2016 11:21:45 - 
Qui, 05/05/2016 11:21:45 - Aplicativo finalizado. Tempo de execucao: 10 segundos.
Qui, 05/05/2016 11:21:45 - 
Qui, 05/05/2016 11:22:19 - 
Qui, 05/05/2016 11:22:19 - Aplicativo iniciado
Qui, 05/05/2016 11:22:19 - 
Qui, 05/05/2016 11:22:19 - Service
Qui, 05/05/2016 17:38:23 - 
Qui, 05/05/2016 17:38:23 - Aplicativo iniciado
Qui, 05/05/2016 17:38:23 - 
Qui, 05/05/2016 17:38:23 - Service
Qui, 05/05/2016 21:25:04 - 
Qui, 05/05/2016 21:25:04 - Aplicativo finalizado. Tempo de execucao: 226 minutos.
Qui, 05/05/2016 21:25:04 - 
Qui, 05/05/2016 21:33:31 - 
Qui, 05/05/2016 21:33:31 - Aplicativo iniciado
Qui, 05/05/2016 21:33:31 - 
Qui, 05/05/2016 21:33:31 - Service
Qui, 05/05/2016 21:33:36 - 
Qui, 05/05/2016 21:33:36 - Aplicativo finalizado. Tempo de execucao: 5 segundos.
Qui, 05/05/2016 21:33:36 - 
Qui, 05/05/2016 21:33:45 - 
Qui, 05/05/2016 21:33:45 - Aplicativo iniciado
Qui, 05/05/2016 21:33:45 - 
Qui, 05/05/2016 21:33:45 - Service
Qui, 05/05/2016 21:33:54 - java.io.IOException: Server returned HTTP response code: 500 for URL: http://localhost:8080/related-words-service/GetRelated?word=fa
Qui, 05/05/2016 21:33:54 - 
Qui, 05/05/2016 21:33:54 - Aplicativo finalizado. Tempo de execucao: 8 segundos.
Qui, 05/05/2016 21:33:54 - 
Qui, 05/05/2016 21:34:03 - 
Qui, 05/05/2016 21:34:03 - Aplicativo iniciado
Qui, 05/05/2016 21:34:03 - 
Qui, 05/05/2016 21:34:03 - Service
Qui, 05/05/2016 21:48:34 - 
Qui, 05/05/2016 21:48:34 - Aplicativo iniciado
Qui, 05/05/2016 21:48:34 - 
Qui, 05/05/2016 21:48:34 - Service
Qui, 05/05/2016 21:49:45 - 
Qui, 05/05/2016 21:49:45 - Aplicativo iniciado
Qui, 05/05/2016 21:49:45 - 
Qui, 05/05/2016 21:49:45 - Service
