Qui, 04/05/2017 10:01:46 - 
Qui, 04/05/2017 10:01:46 - Aplicativo iniciado
Qui, 04/05/2017 10:01:46 - 
Qui, 04/05/2017 10:01:46 - Service
Qui, 04/05/2017 10:01:47 - 
Qui, 04/05/2017 10:01:47 - Aplicativo finalizado. Tempo de execucao: 1 segundos.
Qui, 04/05/2017 10:01:47 - 
Qui, 04/05/2017 10:02:14 - 
Qui, 04/05/2017 10:02:14 - Aplicativo iniciado
Qui, 04/05/2017 10:02:14 - 
Qui, 04/05/2017 10:02:14 - Service
Qui, 04/05/2017 10:03:44 - 
Qui, 04/05/2017 10:03:44 - Aplicativo finalizado. Tempo de execucao: 1 minutos.
Qui, 04/05/2017 10:03:44 - 
Qui, 04/05/2017 10:04:22 - 
Qui, 04/05/2017 10:04:22 - Aplicativo iniciado
Qui, 04/05/2017 10:04:22 - 
Qui, 04/05/2017 10:04:22 - Service
Qui, 04/05/2017 10:04:23 - 
Qui, 04/05/2017 10:04:23 - Aplicativo finalizado. Tempo de execucao: 1 segundos.
Qui, 04/05/2017 10:04:23 - 
Qui, 04/05/2017 10:04:53 - 
Qui, 04/05/2017 10:04:53 - Aplicativo iniciado
Qui, 04/05/2017 10:04:53 - 
Qui, 04/05/2017 10:04:53 - Service
Qui, 04/05/2017 10:20:52 - 
Qui, 04/05/2017 10:20:52 - Aplicativo finalizado. Tempo de execucao: 15 minutos.
Qui, 04/05/2017 10:20:52 - 
