Ter, 29/12/2015 11:54:34 - 
Ter, 29/12/2015 11:54:34 - Aplicativo iniciado
Ter, 29/12/2015 11:54:34 - 
Ter, 29/12/2015 11:54:34 - Service
Ter, 29/12/2015 11:54:40 - java.net.ConnectException: Connection refused: connect
Ter, 29/12/2015 11:54:40 - 
Ter, 29/12/2015 11:54:40 - Aplicativo finalizado. Tempo de execucao: 5 segundos.
Ter, 29/12/2015 11:54:40 - 
Ter, 29/12/2015 11:54:52 - 
Ter, 29/12/2015 11:54:52 - Aplicativo iniciado
Ter, 29/12/2015 11:54:52 - 
Ter, 29/12/2015 11:54:52 - Service
Ter, 29/12/2015 11:55:07 - 
Ter, 29/12/2015 11:55:07 - Aplicativo finalizado. Tempo de execucao: 15 segundos.
Ter, 29/12/2015 11:55:07 - 
Ter, 29/12/2015 12:13:45 - 
Ter, 29/12/2015 12:13:45 - Aplicativo iniciado
Ter, 29/12/2015 12:13:45 - 
Ter, 29/12/2015 12:13:45 - Service
Ter, 29/12/2015 12:13:48 - 
Ter, 29/12/2015 12:13:48 - Aplicativo finalizado. Tempo de execucao: 2 segundos.
Ter, 29/12/2015 12:13:48 - 
Ter, 29/12/2015 12:14:33 - 
Ter, 29/12/2015 12:14:33 - Aplicativo iniciado
Ter, 29/12/2015 12:14:33 - 
Ter, 29/12/2015 12:14:33 - Service
Ter, 29/12/2015 12:14:41 - 
Ter, 29/12/2015 12:14:41 - Aplicativo finalizado. Tempo de execucao: 8 segundos.
Ter, 29/12/2015 12:14:41 - 
