Qua, 30/12/2015 09:47:32 - 
Qua, 30/12/2015 09:47:32 - Aplicativo iniciado
Qua, 30/12/2015 09:47:32 - 
Qua, 30/12/2015 09:47:32 - Service
Qua, 30/12/2015 09:47:51 - 
Qua, 30/12/2015 09:47:51 - Aplicativo finalizado. Tempo de execucao: 19 segundos.
Qua, 30/12/2015 09:47:51 - 
Qua, 30/12/2015 09:51:40 - 
Qua, 30/12/2015 09:51:40 - Aplicativo iniciado
Qua, 30/12/2015 09:51:40 - 
Qua, 30/12/2015 09:51:40 - Service
Qua, 30/12/2015 09:51:42 - 
Qua, 30/12/2015 09:51:42 - Aplicativo finalizado. Tempo de execucao: 2 segundos.
Qua, 30/12/2015 09:51:42 - 
Qua, 30/12/2015 09:52:39 - 
Qua, 30/12/2015 09:52:39 - Aplicativo iniciado
Qua, 30/12/2015 09:52:39 - 
Qua, 30/12/2015 09:52:39 - Service
Qua, 30/12/2015 09:52:47 - 
Qua, 30/12/2015 09:52:47 - Aplicativo finalizado. Tempo de execucao: 8 segundos.
Qua, 30/12/2015 09:52:47 - 
Qua, 30/12/2015 09:56:28 - 
Qua, 30/12/2015 09:56:28 - Aplicativo iniciado
Qua, 30/12/2015 09:56:28 - 
Qua, 30/12/2015 09:56:28 - Service
Qua, 30/12/2015 09:59:31 - 
Qua, 30/12/2015 09:59:31 - Aplicativo iniciado
Qua, 30/12/2015 09:59:31 - 
Qua, 30/12/2015 09:59:31 - Service
Qua, 30/12/2015 10:05:17 - 
Qua, 30/12/2015 10:05:17 - Aplicativo iniciado
Qua, 30/12/2015 10:05:17 - 
Qua, 30/12/2015 10:05:17 - Service
Qua, 30/12/2015 10:21:44 - 
Qua, 30/12/2015 10:21:44 - Aplicativo iniciado
Qua, 30/12/2015 10:21:44 - 
Qua, 30/12/2015 10:21:44 - Service
Qua, 30/12/2015 10:27:37 - 
Qua, 30/12/2015 10:27:37 - Aplicativo finalizado. Tempo de execucao: 5 minutos.
Qua, 30/12/2015 10:27:37 - 
Qua, 30/12/2015 10:35:35 - 
Qua, 30/12/2015 10:35:35 - Aplicativo iniciado
Qua, 30/12/2015 10:35:35 - 
Qua, 30/12/2015 10:35:35 - Service
Qua, 30/12/2015 10:35:43 - 
Qua, 30/12/2015 10:35:43 - Aplicativo finalizado. Tempo de execucao: 8 segundos.
Qua, 30/12/2015 10:35:43 - 
Qua, 30/12/2015 10:36:32 - 
Qua, 30/12/2015 10:36:32 - Aplicativo iniciado
Qua, 30/12/2015 10:36:32 - 
Qua, 30/12/2015 10:36:32 - Service
Qua, 30/12/2015 10:45:28 - 
Qua, 30/12/2015 10:45:28 - Aplicativo finalizado. Tempo de execucao: 8 minutos.
Qua, 30/12/2015 10:45:28 - 
Qua, 30/12/2015 10:48:06 - 
Qua, 30/12/2015 10:48:06 - Aplicativo iniciado
Qua, 30/12/2015 10:48:06 - 
Qua, 30/12/2015 10:48:06 - Service
Qua, 30/12/2015 10:52:54 - 
Qua, 30/12/2015 10:52:54 - Aplicativo iniciado
Qua, 30/12/2015 10:52:54 - 
Qua, 30/12/2015 10:52:54 - Service
Qua, 30/12/2015 12:27:28 - 
Qua, 30/12/2015 12:27:28 - Aplicativo iniciado
Qua, 30/12/2015 12:27:28 - 
Qua, 30/12/2015 12:27:28 - Service
Qua, 30/12/2015 12:29:27 - 
Qua, 30/12/2015 12:29:27 - Aplicativo finalizado. Tempo de execucao: 1 minutos.
Qua, 30/12/2015 12:29:27 - 
