Qui, 27/08/2015 11:06:02 - 
Qui, 27/08/2015 11:06:02 - Aplicativo iniciado
Qui, 27/08/2015 11:06:02 - 
Qui, 27/08/2015 11:06:03 - Refreshing org.springframework.context.support.ClassPathXmlApplicationContext@a756b37: startup date [Thu Aug 27 11:06:03 BRT 2015]; root of context hierarchy
Qui, 27/08/2015 11:06:03 - Loading XML bean definitions from class path resource [spring.xml]
Qui, 27/08/2015 11:06:04 - Building JPA container EntityManagerFactory for persistence unit 'persistenceUnit'
Qui, 27/08/2015 11:06:04 - HCANN000001: Hibernate Commons Annotations {4.0.1.Final}
Qui, 27/08/2015 11:06:04 - HHH000412: Hibernate Core {4.0.1.Final}
Qui, 27/08/2015 11:06:04 - HHH000206: hibernate.properties not found
Qui, 27/08/2015 11:06:04 - HHH000021: Bytecode provider name : javassist
Qui, 27/08/2015 11:06:04 - HHH000402: Using Hibernate built-in connection pool (not for production use!)
Qui, 27/08/2015 11:06:04 - HHH000115: Hibernate connection pool size: 20
Qui, 27/08/2015 11:06:04 - HHH000006: Autocommit mode: true
Qui, 27/08/2015 11:06:04 - HHH000401: using driver [com.mysql.jdbc.Driver] at URL [jdbc:mysql://localhost/aqe-experiment]
Qui, 27/08/2015 11:06:04 - HHH000046: Connection properties: {user=root, password=123, autocommit=true, release_mode=auto}
Qui, 27/08/2015 11:06:05 - HHH000400: Using dialect: org.hibernate.dialect.MySQLDialect
Qui, 27/08/2015 11:06:05 - HHH000268: Transaction strategy: org.hibernate.engine.transaction.internal.jdbc.JdbcTransactionFactory
Qui, 27/08/2015 11:06:05 - HHH000397: Using ASTQueryTranslatorFactory
Qui, 27/08/2015 11:06:05 - HHH000228: Running hbm2ddl schema update
Qui, 27/08/2015 11:06:05 - HHH000102: Fetching database metadata
Qui, 27/08/2015 11:06:05 - HHH000396: Updating schema
Qui, 27/08/2015 11:06:05 - HHH000262: Table not found: interface_metrics
Qui, 27/08/2015 11:06:05 - HHH000262: Table not found: interface_metrics
Qui, 27/08/2015 11:06:05 - HHH000232: Schema update complete
Qui, 27/08/2015 11:06:05 - Pre-instantiating singletons in org.springframework.beans.factory.support.DefaultListableBeanFactory@1a8ed249: defining beans [org.springframework.aop.config.internalAutoProxyCreator,org.springframework.transaction.annotation.AnnotationTransactionAttributeSource#0,org.springframework.transaction.interceptor.TransactionInterceptor#0,org.springframework.transaction.config.internalTransactionAdvisor,org.springframework.context.annotation.internalConfigurationAnnotationProcessor,org.springframework.context.annotation.internalAutowiredAnnotationProcessor,org.springframework.context.annotation.internalRequiredAnnotationProcessor,org.springframework.context.annotation.internalCommonAnnotationProcessor,org.springframework.context.annotation.internalPersistenceAnnotationProcessor,entityManagerFactory,transactionManager,org.springframework.context.annotation.ConfigurationClassPostProcessor.importAwareProcessor]; root of factory hierarchy
Qui, 27/08/2015 11:06:05 - Service
Qui, 27/08/2015 11:06:05 - org.springframework.beans.factory.NoSuchBeanDefinitionException: No bean named 'AQEService' is defined
Qui, 27/08/2015 11:06:05 - 
Qui, 27/08/2015 11:06:05 - Aplicativo finalizado. Tempo de execucao: 3 segundos.
Qui, 27/08/2015 11:06:05 - 
Qui, 27/08/2015 11:08:50 - 
Qui, 27/08/2015 11:08:50 - Aplicativo iniciado
Qui, 27/08/2015 11:08:50 - 
Qui, 27/08/2015 11:08:50 - Refreshing org.springframework.context.support.ClassPathXmlApplicationContext@22d1ed3e: startup date [Thu Aug 27 11:08:50 BRT 2015]; root of context hierarchy
Qui, 27/08/2015 11:08:50 - Loading XML bean definitions from class path resource [spring.xml]
Qui, 27/08/2015 11:08:51 - Building JPA container EntityManagerFactory for persistence unit 'persistenceUnit'
Qui, 27/08/2015 11:08:51 - HCANN000001: Hibernate Commons Annotations {4.0.1.Final}
Qui, 27/08/2015 11:08:51 - HHH000412: Hibernate Core {4.0.1.Final}
Qui, 27/08/2015 11:08:51 - HHH000206: hibernate.properties not found
Qui, 27/08/2015 11:08:51 - HHH000021: Bytecode provider name : javassist
Qui, 27/08/2015 11:08:51 - HHH000402: Using Hibernate built-in connection pool (not for production use!)
Qui, 27/08/2015 11:08:51 - HHH000115: Hibernate connection pool size: 20
Qui, 27/08/2015 11:08:51 - HHH000006: Autocommit mode: true
Qui, 27/08/2015 11:08:51 - HHH000401: using driver [com.mysql.jdbc.Driver] at URL [jdbc:mysql://localhost/sourcererdb-sf100]
Qui, 27/08/2015 11:08:51 - HHH000046: Connection properties: {user=root, password=123, autocommit=true, release_mode=auto}
Qui, 27/08/2015 11:08:51 - HHH000400: Using dialect: org.hibernate.dialect.MySQLDialect
Qui, 27/08/2015 11:08:51 - HHH000268: Transaction strategy: org.hibernate.engine.transaction.internal.jdbc.JdbcTransactionFactory
Qui, 27/08/2015 11:08:51 - HHH000397: Using ASTQueryTranslatorFactory
Qui, 27/08/2015 11:08:52 - HHH000228: Running hbm2ddl schema update
Qui, 27/08/2015 11:08:52 - HHH000102: Fetching database metadata
Qui, 27/08/2015 11:08:52 - HHH000396: Updating schema
Qui, 27/08/2015 11:08:52 - HHH000261: Table found: sourcererdb-sf100.interface_metrics
Qui, 27/08/2015 11:08:52 - HHH000037: Columns: [fqn, project_id, return_type, params, relation_type, modifiers, entity_type, entity_id, entity_id_return_type, project_type]
Qui, 27/08/2015 11:08:52 - HHH000108: Foreign keys: []
Qui, 27/08/2015 11:08:52 - HHH000126: Indexes: [primary]
Qui, 27/08/2015 11:08:52 - HHH000232: Schema update complete
Qui, 27/08/2015 11:08:52 - Pre-instantiating singletons in org.springframework.beans.factory.support.DefaultListableBeanFactory@5c4ddc5: defining beans [org.springframework.aop.config.internalAutoProxyCreator,org.springframework.transaction.annotation.AnnotationTransactionAttributeSource#0,org.springframework.transaction.interceptor.TransactionInterceptor#0,org.springframework.transaction.config.internalTransactionAdvisor,interfaceMetricsService,org.springframework.context.annotation.internalConfigurationAnnotationProcessor,org.springframework.context.annotation.internalAutowiredAnnotationProcessor,org.springframework.context.annotation.internalRequiredAnnotationProcessor,org.springframework.context.annotation.internalCommonAnnotationProcessor,org.springframework.context.annotation.internalPersistenceAnnotationProcessor,interfaceMetricsRepository,entityManagerFactory,transactionManager,org.springframework.context.annotation.ConfigurationClassPostProcessor.importAwareProcessor]; root of factory hierarchy
Qui, 27/08/2015 11:08:52 - Service
Qui, 27/08/2015 11:08:52 - org.springframework.beans.factory.NoSuchBeanDefinitionException: No bean named 'AQEService' is defined
Qui, 27/08/2015 11:08:52 - 
Qui, 27/08/2015 11:08:52 - Aplicativo finalizado. Tempo de execucao: 2 segundos.
Qui, 27/08/2015 11:08:52 - 
Qui, 27/08/2015 11:09:30 - 
Qui, 27/08/2015 11:09:30 - Aplicativo iniciado
Qui, 27/08/2015 11:09:30 - 
Qui, 27/08/2015 11:09:30 - Refreshing org.springframework.context.support.ClassPathXmlApplicationContext@22d1ed3e: startup date [Thu Aug 27 11:09:30 BRT 2015]; root of context hierarchy
Qui, 27/08/2015 11:09:30 - Loading XML bean definitions from class path resource [spring.xml]
Qui, 27/08/2015 11:09:31 - Building JPA container EntityManagerFactory for persistence unit 'persistenceUnit'
Qui, 27/08/2015 11:09:31 - HCANN000001: Hibernate Commons Annotations {4.0.1.Final}
Qui, 27/08/2015 11:09:31 - HHH000412: Hibernate Core {4.0.1.Final}
Qui, 27/08/2015 11:09:31 - HHH000206: hibernate.properties not found
Qui, 27/08/2015 11:09:31 - HHH000021: Bytecode provider name : javassist
Qui, 27/08/2015 11:09:32 - HHH000402: Using Hibernate built-in connection pool (not for production use!)
Qui, 27/08/2015 11:09:32 - HHH000115: Hibernate connection pool size: 20
Qui, 27/08/2015 11:09:32 - HHH000006: Autocommit mode: true
Qui, 27/08/2015 11:09:32 - HHH000401: using driver [com.mysql.jdbc.Driver] at URL [jdbc:mysql://localhost/sourcererdb-sf100]
Qui, 27/08/2015 11:09:32 - HHH000046: Connection properties: {user=root, password=123, autocommit=true, release_mode=auto}
Qui, 27/08/2015 11:09:32 - HHH000400: Using dialect: org.hibernate.dialect.MySQLDialect
Qui, 27/08/2015 11:09:32 - HHH000268: Transaction strategy: org.hibernate.engine.transaction.internal.jdbc.JdbcTransactionFactory
Qui, 27/08/2015 11:09:32 - HHH000397: Using ASTQueryTranslatorFactory
Qui, 27/08/2015 11:09:32 - HHH000228: Running hbm2ddl schema update
Qui, 27/08/2015 11:09:32 - HHH000102: Fetching database metadata
Qui, 27/08/2015 11:09:32 - HHH000396: Updating schema
Qui, 27/08/2015 11:09:32 - HHH000261: Table found: sourcererdb-sf100.interface_metrics
Qui, 27/08/2015 11:09:32 - HHH000037: Columns: [fqn, project_id, return_type, params, relation_type, modifiers, entity_type, entity_id, entity_id_return_type, project_type]
Qui, 27/08/2015 11:09:32 - HHH000108: Foreign keys: []
Qui, 27/08/2015 11:09:32 - HHH000126: Indexes: [primary]
Qui, 27/08/2015 11:09:32 - HHH000232: Schema update complete
Qui, 27/08/2015 11:09:32 - Pre-instantiating singletons in org.springframework.beans.factory.support.DefaultListableBeanFactory@5c4ddc5: defining beans [org.springframework.aop.config.internalAutoProxyCreator,org.springframework.transaction.annotation.AnnotationTransactionAttributeSource#0,org.springframework.transaction.interceptor.TransactionInterceptor#0,org.springframework.transaction.config.internalTransactionAdvisor,interfaceMetricsService,org.springframework.context.annotation.internalConfigurationAnnotationProcessor,org.springframework.context.annotation.internalAutowiredAnnotationProcessor,org.springframework.context.annotation.internalRequiredAnnotationProcessor,org.springframework.context.annotation.internalCommonAnnotationProcessor,org.springframework.context.annotation.internalPersistenceAnnotationProcessor,interfaceMetricsRepository,entityManagerFactory,transactionManager,org.springframework.context.annotation.ConfigurationClassPostProcessor.importAwareProcessor]; root of factory hierarchy
Qui, 27/08/2015 11:09:33 - Service
Qui, 27/08/2015 11:09:33 - org.springframework.beans.factory.NoSuchBeanDefinitionException: No bean named 'InterfaceMetricsService' is defined
Qui, 27/08/2015 11:09:33 - 
Qui, 27/08/2015 11:09:33 - Aplicativo finalizado. Tempo de execucao: 2 segundos.
Qui, 27/08/2015 11:09:33 - 
Qui, 27/08/2015 11:10:39 - 
Qui, 27/08/2015 11:10:39 - Aplicativo iniciado
Qui, 27/08/2015 11:10:39 - 
Qui, 27/08/2015 11:10:39 - Refreshing org.springframework.context.support.ClassPathXmlApplicationContext@22d1ed3e: startup date [Thu Aug 27 11:10:39 BRT 2015]; root of context hierarchy
Qui, 27/08/2015 11:10:39 - Loading XML bean definitions from class path resource [spring.xml]
Qui, 27/08/2015 11:10:40 - Building JPA container EntityManagerFactory for persistence unit 'persistenceUnit'
Qui, 27/08/2015 11:10:40 - HCANN000001: Hibernate Commons Annotations {4.0.1.Final}
Qui, 27/08/2015 11:10:40 - HHH000412: Hibernate Core {4.0.1.Final}
Qui, 27/08/2015 11:10:40 - HHH000206: hibernate.properties not found
Qui, 27/08/2015 11:10:40 - HHH000021: Bytecode provider name : javassist
Qui, 27/08/2015 11:10:41 - HHH000402: Using Hibernate built-in connection pool (not for production use!)
Qui, 27/08/2015 11:10:41 - HHH000115: Hibernate connection pool size: 20
Qui, 27/08/2015 11:10:41 - HHH000006: Autocommit mode: true
Qui, 27/08/2015 11:10:41 - HHH000401: using driver [com.mysql.jdbc.Driver] at URL [jdbc:mysql://localhost/sourcererdb-sf100]
Qui, 27/08/2015 11:10:41 - HHH000046: Connection properties: {user=root, password=123, autocommit=true, release_mode=auto}
Qui, 27/08/2015 11:10:41 - HHH000400: Using dialect: org.hibernate.dialect.MySQLDialect
Qui, 27/08/2015 11:10:41 - HHH000268: Transaction strategy: org.hibernate.engine.transaction.internal.jdbc.JdbcTransactionFactory
Qui, 27/08/2015 11:10:41 - HHH000397: Using ASTQueryTranslatorFactory
Qui, 27/08/2015 11:10:41 - HHH000228: Running hbm2ddl schema update
Qui, 27/08/2015 11:10:41 - HHH000102: Fetching database metadata
Qui, 27/08/2015 11:10:41 - HHH000396: Updating schema
Qui, 27/08/2015 11:10:41 - HHH000261: Table found: sourcererdb-sf100.interface_metrics
Qui, 27/08/2015 11:10:41 - HHH000037: Columns: [fqn, project_id, return_type, params, relation_type, modifiers, entity_type, entity_id, entity_id_return_type, project_type]
Qui, 27/08/2015 11:10:41 - HHH000108: Foreign keys: []
Qui, 27/08/2015 11:10:41 - HHH000126: Indexes: [primary]
Qui, 27/08/2015 11:10:41 - HHH000232: Schema update complete
Qui, 27/08/2015 11:10:41 - Pre-instantiating singletons in org.springframework.beans.factory.support.DefaultListableBeanFactory@5c4ddc5: defining beans [org.springframework.aop.config.internalAutoProxyCreator,org.springframework.transaction.annotation.AnnotationTransactionAttributeSource#0,org.springframework.transaction.interceptor.TransactionInterceptor#0,org.springframework.transaction.config.internalTransactionAdvisor,interfaceMetricsService,org.springframework.context.annotation.internalConfigurationAnnotationProcessor,org.springframework.context.annotation.internalAutowiredAnnotationProcessor,org.springframework.context.annotation.internalRequiredAnnotationProcessor,org.springframework.context.annotation.internalCommonAnnotationProcessor,org.springframework.context.annotation.internalPersistenceAnnotationProcessor,interfaceMetricsRepository,entityManagerFactory,transactionManager,org.springframework.context.annotation.ConfigurationClassPostProcessor.importAwareProcessor]; root of factory hierarchy
Qui, 27/08/2015 11:10:41 - Service
Qui, 27/08/2015 11:10:41 - org.springframework.beans.factory.NoSuchBeanDefinitionException: No bean named 'InterfaceMetricsService' is defined
Qui, 27/08/2015 11:10:41 - 
Qui, 27/08/2015 11:10:41 - Aplicativo finalizado. Tempo de execucao: 2 segundos.
Qui, 27/08/2015 11:10:41 - 
Qui, 27/08/2015 11:11:13 - 
Qui, 27/08/2015 11:11:13 - Aplicativo iniciado
Qui, 27/08/2015 11:11:13 - 
Qui, 27/08/2015 11:11:13 - Refreshing org.springframework.context.support.ClassPathXmlApplicationContext@748197b2: startup date [Thu Aug 27 11:11:13 BRT 2015]; root of context hierarchy
Qui, 27/08/2015 11:11:13 - Loading XML bean definitions from class path resource [spring.xml]
Qui, 27/08/2015 11:11:14 - Building JPA container EntityManagerFactory for persistence unit 'persistenceUnit'
Qui, 27/08/2015 11:11:14 - HCANN000001: Hibernate Commons Annotations {4.0.1.Final}
Qui, 27/08/2015 11:11:14 - HHH000412: Hibernate Core {4.0.1.Final}
Qui, 27/08/2015 11:11:14 - HHH000206: hibernate.properties not found
Qui, 27/08/2015 11:11:14 - HHH000021: Bytecode provider name : javassist
Qui, 27/08/2015 11:11:14 - HHH000402: Using Hibernate built-in connection pool (not for production use!)
Qui, 27/08/2015 11:11:14 - HHH000115: Hibernate connection pool size: 20
Qui, 27/08/2015 11:11:14 - HHH000006: Autocommit mode: true
Qui, 27/08/2015 11:11:14 - HHH000401: using driver [com.mysql.jdbc.Driver] at URL [jdbc:mysql://localhost/sourcererdb-sf100]
Qui, 27/08/2015 11:11:14 - HHH000046: Connection properties: {user=root, password=123, autocommit=true, release_mode=auto}
Qui, 27/08/2015 11:11:15 - HHH000400: Using dialect: org.hibernate.dialect.MySQLDialect
Qui, 27/08/2015 11:11:15 - HHH000268: Transaction strategy: org.hibernate.engine.transaction.internal.jdbc.JdbcTransactionFactory
Qui, 27/08/2015 11:11:15 - HHH000397: Using ASTQueryTranslatorFactory
Qui, 27/08/2015 11:11:15 - HHH000228: Running hbm2ddl schema update
Qui, 27/08/2015 11:11:15 - HHH000102: Fetching database metadata
Qui, 27/08/2015 11:11:15 - HHH000396: Updating schema
Qui, 27/08/2015 11:11:15 - HHH000261: Table found: sourcererdb-sf100.interface_metrics
Qui, 27/08/2015 11:11:15 - HHH000037: Columns: [fqn, project_id, return_type, params, relation_type, modifiers, entity_type, entity_id, entity_id_return_type, project_type]
Qui, 27/08/2015 11:11:15 - HHH000108: Foreign keys: []
Qui, 27/08/2015 11:11:15 - HHH000126: Indexes: [primary]
Qui, 27/08/2015 11:11:15 - HHH000232: Schema update complete
Qui, 27/08/2015 11:11:15 - Pre-instantiating singletons in org.springframework.beans.factory.support.DefaultListableBeanFactory@34e0907c: defining beans [org.springframework.aop.config.internalAutoProxyCreator,org.springframework.transaction.annotation.AnnotationTransactionAttributeSource#0,org.springframework.transaction.interceptor.TransactionInterceptor#0,org.springframework.transaction.config.internalTransactionAdvisor,interfaceMetricsService,org.springframework.context.annotation.internalConfigurationAnnotationProcessor,org.springframework.context.annotation.internalAutowiredAnnotationProcessor,org.springframework.context.annotation.internalRequiredAnnotationProcessor,org.springframework.context.annotation.internalCommonAnnotationProcessor,org.springframework.context.annotation.internalPersistenceAnnotationProcessor,interfaceMetricsRepository,entityManagerFactory,transactionManager,org.springframework.context.annotation.ConfigurationClassPostProcessor.importAwareProcessor]; root of factory hierarchy
Qui, 27/08/2015 11:11:15 - Service
Qui, 27/08/2015 11:13:33 - 
Qui, 27/08/2015 11:13:33 - Aplicativo iniciado
Qui, 27/08/2015 11:13:33 - 
Qui, 27/08/2015 11:13:34 - Refreshing org.springframework.context.support.ClassPathXmlApplicationContext@22d1ed3e: startup date [Thu Aug 27 11:13:34 BRT 2015]; root of context hierarchy
Qui, 27/08/2015 11:13:34 - Loading XML bean definitions from class path resource [spring.xml]
Qui, 27/08/2015 11:13:34 - Building JPA container EntityManagerFactory for persistence unit 'persistenceUnit'
Qui, 27/08/2015 11:13:35 - HCANN000001: Hibernate Commons Annotations {4.0.1.Final}
Qui, 27/08/2015 11:13:35 - HHH000412: Hibernate Core {4.0.1.Final}
Qui, 27/08/2015 11:13:35 - HHH000206: hibernate.properties not found
Qui, 27/08/2015 11:13:35 - HHH000021: Bytecode provider name : javassist
Qui, 27/08/2015 11:13:35 - HHH000402: Using Hibernate built-in connection pool (not for production use!)
Qui, 27/08/2015 11:13:35 - HHH000115: Hibernate connection pool size: 20
Qui, 27/08/2015 11:13:35 - HHH000006: Autocommit mode: true
Qui, 27/08/2015 11:13:35 - HHH000401: using driver [com.mysql.jdbc.Driver] at URL [jdbc:mysql://localhost/sourcererdb-sf100]
Qui, 27/08/2015 11:13:35 - HHH000046: Connection properties: {user=root, password=123, autocommit=true, release_mode=auto}
Qui, 27/08/2015 11:13:35 - HHH000400: Using dialect: org.hibernate.dialect.MySQLDialect
Qui, 27/08/2015 11:13:35 - HHH000268: Transaction strategy: org.hibernate.engine.transaction.internal.jdbc.JdbcTransactionFactory
Qui, 27/08/2015 11:13:35 - HHH000397: Using ASTQueryTranslatorFactory
Qui, 27/08/2015 11:13:36 - HHH000228: Running hbm2ddl schema update
Qui, 27/08/2015 11:13:36 - HHH000102: Fetching database metadata
Qui, 27/08/2015 11:13:36 - HHH000396: Updating schema
Qui, 27/08/2015 11:13:36 - HHH000261: Table found: sourcererdb-sf100.interface_metrics
Qui, 27/08/2015 11:13:36 - HHH000037: Columns: [fqn, project_id, return_type, params, relation_type, modifiers, entity_type, entity_id, entity_id_return_type, project_type]
Qui, 27/08/2015 11:13:36 - HHH000108: Foreign keys: []
Qui, 27/08/2015 11:13:36 - HHH000126: Indexes: [primary]
Qui, 27/08/2015 11:13:36 - HHH000232: Schema update complete
Qui, 27/08/2015 11:13:36 - Pre-instantiating singletons in org.springframework.beans.factory.support.DefaultListableBeanFactory@5c4ddc5: defining beans [org.springframework.aop.config.internalAutoProxyCreator,org.springframework.transaction.annotation.AnnotationTransactionAttributeSource#0,org.springframework.transaction.interceptor.TransactionInterceptor#0,org.springframework.transaction.config.internalTransactionAdvisor,interfaceMetricsService,org.springframework.context.annotation.internalConfigurationAnnotationProcessor,org.springframework.context.annotation.internalAutowiredAnnotationProcessor,org.springframework.context.annotation.internalRequiredAnnotationProcessor,org.springframework.context.annotation.internalCommonAnnotationProcessor,org.springframework.context.annotation.internalPersistenceAnnotationProcessor,interfaceMetricsRepository,entityManagerFactory,transactionManager,org.springframework.context.annotation.ConfigurationClassPostProcessor.importAwareProcessor]; root of factory hierarchy
Qui, 27/08/2015 11:13:36 - Service
Qui, 27/08/2015 11:13:36 - 
Qui, 27/08/2015 11:13:36 - Aplicativo finalizado. Tempo de execucao: 2 segundos.
Qui, 27/08/2015 11:13:36 - 
Qui, 27/08/2015 11:14:36 - 
Qui, 27/08/2015 11:14:36 - Aplicativo iniciado
Qui, 27/08/2015 11:14:36 - 
Qui, 27/08/2015 11:14:36 - Refreshing org.springframework.context.support.ClassPathXmlApplicationContext@6c0b5cd8: startup date [Thu Aug 27 11:14:36 BRT 2015]; root of context hierarchy
Qui, 27/08/2015 11:14:36 - Loading XML bean definitions from class path resource [spring.xml]
Qui, 27/08/2015 11:14:37 - Building JPA container EntityManagerFactory for persistence unit 'persistenceUnit'
Qui, 27/08/2015 11:14:37 - HCANN000001: Hibernate Commons Annotations {4.0.1.Final}
Qui, 27/08/2015 11:14:37 - HHH000412: Hibernate Core {4.0.1.Final}
Qui, 27/08/2015 11:14:37 - HHH000206: hibernate.properties not found
Qui, 27/08/2015 11:14:37 - HHH000021: Bytecode provider name : javassist
Qui, 27/08/2015 11:14:38 - HHH000402: Using Hibernate built-in connection pool (not for production use!)
Qui, 27/08/2015 11:14:38 - HHH000115: Hibernate connection pool size: 20
Qui, 27/08/2015 11:14:38 - HHH000006: Autocommit mode: true
Qui, 27/08/2015 11:14:38 - HHH000401: using driver [com.mysql.jdbc.Driver] at URL [jdbc:mysql://localhost/sourcererdb-sf100]
Qui, 27/08/2015 11:14:38 - HHH000046: Connection properties: {user=root, password=123, autocommit=true, release_mode=auto}
Qui, 27/08/2015 11:14:38 - HHH000400: Using dialect: org.hibernate.dialect.MySQLDialect
Qui, 27/08/2015 11:14:38 - HHH000268: Transaction strategy: org.hibernate.engine.transaction.internal.jdbc.JdbcTransactionFactory
Qui, 27/08/2015 11:14:38 - HHH000397: Using ASTQueryTranslatorFactory
Qui, 27/08/2015 11:14:38 - HHH000228: Running hbm2ddl schema update
Qui, 27/08/2015 11:14:38 - HHH000102: Fetching database metadata
Qui, 27/08/2015 11:14:38 - HHH000396: Updating schema
Qui, 27/08/2015 11:14:38 - HHH000261: Table found: sourcererdb-sf100.interface_metrics
Qui, 27/08/2015 11:14:38 - HHH000037: Columns: [fqn, project_id, return_type, params, relation_type, modifiers, entity_type, entity_id, entity_id_return_type, project_type]
Qui, 27/08/2015 11:14:38 - HHH000108: Foreign keys: []
Qui, 27/08/2015 11:14:38 - HHH000126: Indexes: [primary]
Qui, 27/08/2015 11:14:38 - HHH000232: Schema update complete
Qui, 27/08/2015 11:14:38 - Pre-instantiating singletons in org.springframework.beans.factory.support.DefaultListableBeanFactory@160d150b: defining beans [org.springframework.aop.config.internalAutoProxyCreator,org.springframework.transaction.annotation.AnnotationTransactionAttributeSource#0,org.springframework.transaction.interceptor.TransactionInterceptor#0,org.springframework.transaction.config.internalTransactionAdvisor,interfaceMetricsService,org.springframework.context.annotation.internalConfigurationAnnotationProcessor,org.springframework.context.annotation.internalAutowiredAnnotationProcessor,org.springframework.context.annotation.internalRequiredAnnotationProcessor,org.springframework.context.annotation.internalCommonAnnotationProcessor,org.springframework.context.annotation.internalPersistenceAnnotationProcessor,interfaceMetricsRepository,entityManagerFactory,transactionManager,org.springframework.context.annotation.ConfigurationClassPostProcessor.importAwareProcessor]; root of factory hierarchy
Qui, 27/08/2015 11:14:39 - Service
Qui, 27/08/2015 11:15:07 - 
Qui, 27/08/2015 11:15:07 - Aplicativo finalizado. Tempo de execucao: 30 segundos.
Qui, 27/08/2015 11:15:07 - 
Qui, 27/08/2015 11:38:56 - 
Qui, 27/08/2015 11:38:56 - Aplicativo iniciado
Qui, 27/08/2015 11:38:56 - 
Qui, 27/08/2015 11:38:56 - Refreshing org.springframework.context.support.ClassPathXmlApplicationContext@a756b37: startup date [Thu Aug 27 11:38:56 BRT 2015]; root of context hierarchy
Qui, 27/08/2015 11:38:56 - Loading XML bean definitions from class path resource [spring.xml]
Qui, 27/08/2015 11:38:57 - Building JPA container EntityManagerFactory for persistence unit 'persistenceUnit'
Qui, 27/08/2015 11:38:57 - HCANN000001: Hibernate Commons Annotations {4.0.1.Final}
Qui, 27/08/2015 11:38:57 - HHH000412: Hibernate Core {4.0.1.Final}
Qui, 27/08/2015 11:38:57 - HHH000206: hibernate.properties not found
Qui, 27/08/2015 11:38:57 - HHH000021: Bytecode provider name : javassist
Qui, 27/08/2015 11:38:57 - HHH000402: Using Hibernate built-in connection pool (not for production use!)
Qui, 27/08/2015 11:38:57 - HHH000115: Hibernate connection pool size: 20
Qui, 27/08/2015 11:38:57 - HHH000006: Autocommit mode: true
Qui, 27/08/2015 11:38:57 - HHH000401: using driver [com.mysql.jdbc.Driver] at URL [jdbc:mysql://localhost/sourcererdb-sf100]
Qui, 27/08/2015 11:38:57 - HHH000046: Connection properties: {user=root, password=123, autocommit=true, release_mode=auto}
Qui, 27/08/2015 11:38:57 - HHH000400: Using dialect: org.hibernate.dialect.MySQLDialect
Qui, 27/08/2015 11:38:57 - HHH000268: Transaction strategy: org.hibernate.engine.transaction.internal.jdbc.JdbcTransactionFactory
Qui, 27/08/2015 11:38:57 - HHH000397: Using ASTQueryTranslatorFactory
Qui, 27/08/2015 11:38:58 - HHH000228: Running hbm2ddl schema update
Qui, 27/08/2015 11:38:58 - HHH000102: Fetching database metadata
Qui, 27/08/2015 11:38:58 - HHH000396: Updating schema
Qui, 27/08/2015 11:38:58 - HHH000261: Table found: sourcererdb-sf100.interface_metrics
Qui, 27/08/2015 11:38:58 - HHH000037: Columns: [fqn, project_id, return_type, params, relation_type, modifiers, entity_type, entity_id, entity_id_return_type, project_type]
Qui, 27/08/2015 11:38:58 - HHH000108: Foreign keys: []
Qui, 27/08/2015 11:38:58 - HHH000126: Indexes: [primary]
Qui, 27/08/2015 11:38:58 - HHH000232: Schema update complete
Qui, 27/08/2015 11:38:58 - Pre-instantiating singletons in org.springframework.beans.factory.support.DefaultListableBeanFactory@5c4ddc5: defining beans [org.springframework.aop.config.internalAutoProxyCreator,org.springframework.transaction.annotation.AnnotationTransactionAttributeSource#0,org.springframework.transaction.interceptor.TransactionInterceptor#0,org.springframework.transaction.config.internalTransactionAdvisor,interfaceMetricsService,org.springframework.context.annotation.internalConfigurationAnnotationProcessor,org.springframework.context.annotation.internalAutowiredAnnotationProcessor,org.springframework.context.annotation.internalRequiredAnnotationProcessor,org.springframework.context.annotation.internalCommonAnnotationProcessor,org.springframework.context.annotation.internalPersistenceAnnotationProcessor,interfaceMetricsRepository,entityManagerFactory,transactionManager,org.springframework.context.annotation.ConfigurationClassPostProcessor.importAwareProcessor]; root of factory hierarchy
Qui, 27/08/2015 11:38:58 - Service
Qui, 27/08/2015 11:38:58 - 
Qui, 27/08/2015 11:38:58 - Aplicativo finalizado. Tempo de execucao: 2 segundos.
Qui, 27/08/2015 11:38:58 - 
Qui, 27/08/2015 11:55:29 - 
Qui, 27/08/2015 11:55:29 - Aplicativo iniciado
Qui, 27/08/2015 11:55:29 - 
Qui, 27/08/2015 11:55:29 - Service
Qui, 27/08/2015 11:55:29 - java.lang.NullPointerException
Qui, 27/08/2015 11:55:29 - 
Qui, 27/08/2015 11:55:29 - Aplicativo finalizado. Tempo de execucao: 0 segundos.
Qui, 27/08/2015 11:55:29 - 
Qui, 27/08/2015 11:56:04 - 
Qui, 27/08/2015 11:56:04 - Aplicativo iniciado
Qui, 27/08/2015 11:56:04 - 
Qui, 27/08/2015 11:56:04 - Service
Qui, 27/08/2015 11:56:04 - java.lang.NullPointerException
Qui, 27/08/2015 11:56:04 - 
Qui, 27/08/2015 11:56:04 - Aplicativo finalizado. Tempo de execucao: 0 segundos.
Qui, 27/08/2015 11:56:04 - 
Qui, 27/08/2015 11:56:49 - 
Qui, 27/08/2015 11:56:49 - Aplicativo iniciado
Qui, 27/08/2015 11:56:49 - 
Qui, 27/08/2015 11:56:49 - Service
Qui, 27/08/2015 11:56:50 - java.sql.SQLException: Column 'entuty_type' not found.
Qui, 27/08/2015 11:56:50 - 
Qui, 27/08/2015 11:56:50 - Aplicativo finalizado. Tempo de execucao: 0 segundos.
Qui, 27/08/2015 11:56:50 - 
Qui, 27/08/2015 11:57:18 - 
Qui, 27/08/2015 11:57:18 - Aplicativo iniciado
Qui, 27/08/2015 11:57:18 - 
Qui, 27/08/2015 11:57:18 - Service
Qui, 27/08/2015 11:57:19 - java.sql.SQLException: Column 'id_return_type' not found.
Qui, 27/08/2015 11:57:19 - 
Qui, 27/08/2015 11:57:19 - Aplicativo finalizado. Tempo de execucao: 0 segundos.
Qui, 27/08/2015 11:57:19 - 
Qui, 27/08/2015 11:57:36 - 
Qui, 27/08/2015 11:57:36 - Aplicativo iniciado
Qui, 27/08/2015 11:57:36 - 
Qui, 27/08/2015 11:57:36 - Service
Qui, 27/08/2015 11:57:36 - 
Qui, 27/08/2015 11:57:36 - Aplicativo finalizado. Tempo de execucao: 0 segundos.
Qui, 27/08/2015 11:57:36 - 
Qui, 27/08/2015 12:06:01 - 
Qui, 27/08/2015 12:06:01 - Aplicativo iniciado
Qui, 27/08/2015 12:06:01 - 
Qui, 27/08/2015 12:06:01 - Service
Qui, 27/08/2015 12:06:02 - 
Qui, 27/08/2015 12:06:02 - Aplicativo finalizado. Tempo de execucao: 0 segundos.
Qui, 27/08/2015 12:06:02 - 
Qui, 27/08/2015 12:19:38 - 
Qui, 27/08/2015 12:19:38 - Aplicativo iniciado
Qui, 27/08/2015 12:19:38 - 
Qui, 27/08/2015 12:19:38 - Service
Qui, 27/08/2015 12:19:38 - com.mysql.jdbc.exceptions.jdbc4.MySQLSyntaxErrorException: Unknown column 'process' in 'field list'
Qui, 27/08/2015 12:19:38 - 
Qui, 27/08/2015 12:19:38 - Aplicativo finalizado. Tempo de execucao: 0 segundos.
Qui, 27/08/2015 12:19:38 - 
Qui, 27/08/2015 12:19:55 - 
Qui, 27/08/2015 12:19:55 - Aplicativo iniciado
Qui, 27/08/2015 12:19:55 - 
Qui, 27/08/2015 12:19:55 - Service
Qui, 27/08/2015 12:19:56 - 
Qui, 27/08/2015 12:19:56 - Aplicativo finalizado. Tempo de execucao: 0 segundos.
Qui, 27/08/2015 12:19:56 - 
Qui, 27/08/2015 12:21:13 - 
Qui, 27/08/2015 12:21:13 - Aplicativo iniciado
Qui, 27/08/2015 12:21:13 - 
Qui, 27/08/2015 12:21:13 - Service
Qui, 27/08/2015 12:21:13 - 
Qui, 27/08/2015 12:21:13 - Aplicativo finalizado. Tempo de execucao: 0 segundos.
Qui, 27/08/2015 12:21:13 - 
Qui, 27/08/2015 12:21:27 - 
Qui, 27/08/2015 12:21:27 - Aplicativo iniciado
Qui, 27/08/2015 12:21:27 - 
Qui, 27/08/2015 12:21:27 - Service
Qui, 27/08/2015 12:21:28 - 
Qui, 27/08/2015 12:21:28 - Aplicativo finalizado. Tempo de execucao: 0 segundos.
Qui, 27/08/2015 12:21:28 - 
Qui, 27/08/2015 12:22:05 - 
Qui, 27/08/2015 12:22:05 - Aplicativo iniciado
Qui, 27/08/2015 12:22:05 - 
Qui, 27/08/2015 12:22:05 - Service
Qui, 27/08/2015 12:22:05 - 
Qui, 27/08/2015 12:22:05 - Aplicativo finalizado. Tempo de execucao: 0 segundos.
Qui, 27/08/2015 12:22:05 - 
Qui, 27/08/2015 12:22:20 - 
Qui, 27/08/2015 12:22:20 - Aplicativo iniciado
Qui, 27/08/2015 12:22:20 - 
Qui, 27/08/2015 12:22:20 - Service
Qui, 27/08/2015 12:22:20 - 
Qui, 27/08/2015 12:22:20 - Aplicativo finalizado. Tempo de execucao: 0 segundos.
Qui, 27/08/2015 12:22:20 - 
Qui, 27/08/2015 12:24:18 - 
Qui, 27/08/2015 12:24:18 - Aplicativo iniciado
Qui, 27/08/2015 12:24:18 - 
Qui, 27/08/2015 12:24:18 - Service
Qui, 27/08/2015 12:24:18 - 
Qui, 27/08/2015 12:24:18 - Aplicativo finalizado. Tempo de execucao: 0 segundos.
Qui, 27/08/2015 12:24:18 - 
Qui, 27/08/2015 12:24:43 - 
Qui, 27/08/2015 12:24:43 - Aplicativo iniciado
Qui, 27/08/2015 12:24:43 - 
Qui, 27/08/2015 12:24:43 - Service
Qui, 27/08/2015 12:24:44 - 
Qui, 27/08/2015 12:24:44 - Aplicativo finalizado. Tempo de execucao: 0 segundos.
Qui, 27/08/2015 12:24:44 - 
Qui, 27/08/2015 12:24:50 - 
Qui, 27/08/2015 12:24:50 - Aplicativo iniciado
Qui, 27/08/2015 12:24:50 - 
Qui, 27/08/2015 12:24:50 - Service
Qui, 27/08/2015 12:24:51 - 
Qui, 27/08/2015 12:24:51 - Aplicativo finalizado. Tempo de execucao: 0 segundos.
Qui, 27/08/2015 12:24:51 - 
Qui, 27/08/2015 12:28:19 - 
Qui, 27/08/2015 12:28:19 - Aplicativo iniciado
Qui, 27/08/2015 12:28:19 - 
Qui, 27/08/2015 12:28:19 - Service
Qui, 27/08/2015 12:28:19 - java.sql.SQLException: No suitable driver found for "jdbc:mysql://localhost/sourcererdb-sf100"
Qui, 27/08/2015 12:28:19 - 
Qui, 27/08/2015 12:28:19 - Aplicativo finalizado. Tempo de execucao: 0 segundos.
Qui, 27/08/2015 12:28:19 - 
Qui, 27/08/2015 12:30:00 - 
Qui, 27/08/2015 12:30:00 - Aplicativo iniciado
Qui, 27/08/2015 12:30:00 - 
Qui, 27/08/2015 12:30:00 - Service
Qui, 27/08/2015 12:30:01 - 
Qui, 27/08/2015 12:30:01 - Aplicativo finalizado. Tempo de execucao: 0 segundos.
Qui, 27/08/2015 12:30:01 - 
Qui, 27/08/2015 12:31:56 - 
Qui, 27/08/2015 12:31:56 - Aplicativo iniciado
Qui, 27/08/2015 12:31:56 - 
Qui, 27/08/2015 12:31:56 - Service
Qui, 27/08/2015 12:31:57 - 
Qui, 27/08/2015 12:31:57 - Aplicativo finalizado. Tempo de execucao: 0 segundos.
Qui, 27/08/2015 12:31:57 - 
Qui, 27/08/2015 12:45:40 - 
Qui, 27/08/2015 12:45:40 - Aplicativo iniciado
Qui, 27/08/2015 12:45:40 - 
Qui, 27/08/2015 12:45:40 - Service
Qui, 27/08/2015 12:45:41 - 
Qui, 27/08/2015 12:45:41 - Aplicativo finalizado. Tempo de execucao: 0 segundos.
Qui, 27/08/2015 12:45:41 - 
Qui, 27/08/2015 14:32:56 - 
Qui, 27/08/2015 14:32:56 - Aplicativo iniciado
Qui, 27/08/2015 14:32:56 - 
Qui, 27/08/2015 14:32:56 - Service
Qui, 27/08/2015 14:32:57 - 
Qui, 27/08/2015 14:32:57 - Aplicativo finalizado. Tempo de execucao: 1 segundos.
Qui, 27/08/2015 14:32:57 - 
Qui, 27/08/2015 16:04:52 - 
Qui, 27/08/2015 16:04:52 - Aplicativo iniciado
Qui, 27/08/2015 16:04:52 - 
Qui, 27/08/2015 16:04:52 - Service
Qui, 27/08/2015 16:04:53 - 
Qui, 27/08/2015 16:04:53 - Aplicativo finalizado. Tempo de execucao: 1 segundos.
Qui, 27/08/2015 16:04:53 - 
Qui, 27/08/2015 16:05:27 - 
Qui, 27/08/2015 16:05:27 - Aplicativo iniciado
Qui, 27/08/2015 16:05:27 - 
Qui, 27/08/2015 16:05:27 - Service
Qui, 27/08/2015 16:05:28 - 
Qui, 27/08/2015 16:05:28 - Aplicativo finalizado. Tempo de execucao: 0 segundos.
Qui, 27/08/2015 16:05:28 - 
Qui, 27/08/2015 16:06:04 - 
Qui, 27/08/2015 16:06:04 - Aplicativo iniciado
Qui, 27/08/2015 16:06:04 - 
Qui, 27/08/2015 16:06:04 - Service
Qui, 27/08/2015 16:06:18 - 
Qui, 27/08/2015 16:06:18 - Aplicativo finalizado. Tempo de execucao: 13 segundos.
Qui, 27/08/2015 16:06:18 - 
Qui, 27/08/2015 17:07:52 - 
Qui, 27/08/2015 17:07:52 - Aplicativo iniciado
Qui, 27/08/2015 17:07:52 - 
Qui, 27/08/2015 17:07:52 - Service
Qui, 27/08/2015 17:54:27 - 
Qui, 27/08/2015 17:54:27 - Aplicativo iniciado
Qui, 27/08/2015 17:54:27 - 
Qui, 27/08/2015 17:54:27 - Service
Qui, 27/08/2015 18:51:26 - 
Qui, 27/08/2015 18:51:26 - Aplicativo iniciado
Qui, 27/08/2015 18:51:26 - 
Qui, 27/08/2015 18:51:26 - Service
