Qua, 27/04/2016 16:00:40 - 
Qua, 27/04/2016 16:00:41 - Aplicativo iniciado
Qua, 27/04/2016 16:00:41 - 
Qua, 27/04/2016 16:00:41 - Service
Qua, 27/04/2016 16:05:51 - 
Qua, 27/04/2016 16:05:51 - Aplicativo iniciado
Qua, 27/04/2016 16:05:51 - 
Qua, 27/04/2016 16:05:51 - Service
Qua, 27/04/2016 16:20:35 - 
Qua, 27/04/2016 16:20:35 - Aplicativo iniciado
Qua, 27/04/2016 16:20:35 - 
Qua, 27/04/2016 16:20:35 - Service
Qua, 27/04/2016 16:20:37 - java.net.ConnectException: Connection refused: connect
Qua, 27/04/2016 16:20:37 - 
Qua, 27/04/2016 16:20:37 - Aplicativo finalizado. Tempo de execucao: 2 segundos.
Qua, 27/04/2016 16:20:37 - 
Qua, 27/04/2016 16:21:16 - 
Qua, 27/04/2016 16:21:16 - Aplicativo iniciado
Qua, 27/04/2016 16:21:16 - 
Qua, 27/04/2016 16:21:16 - Service
Qua, 27/04/2016 16:21:18 - java.net.ConnectException: Connection refused: connect
Qua, 27/04/2016 16:21:18 - 
Qua, 27/04/2016 16:21:18 - Aplicativo finalizado. Tempo de execucao: 2 segundos.
Qua, 27/04/2016 16:21:18 - 
Qua, 27/04/2016 16:21:33 - 
Qua, 27/04/2016 16:21:33 - Aplicativo iniciado
Qua, 27/04/2016 16:21:33 - 
Qua, 27/04/2016 16:21:33 - Service
Qua, 27/04/2016 22:39:07 - 
Qua, 27/04/2016 22:39:07 - Aplicativo finalizado. Tempo de execucao: 377 minutos.
Qua, 27/04/2016 22:39:07 - 
