Sex, 28/08/2015 09:24:02 - 
Sex, 28/08/2015 09:24:02 - Aplicativo iniciado
Sex, 28/08/2015 09:24:02 - 
Sex, 28/08/2015 09:24:02 - Service
Sex, 28/08/2015 09:24:02 - 
Sex, 28/08/2015 09:24:02 - Aplicativo finalizado. Tempo de execucao: 0 segundos.
Sex, 28/08/2015 09:24:02 - 
Sex, 28/08/2015 09:32:52 - 
Sex, 28/08/2015 09:32:52 - Aplicativo iniciado
Sex, 28/08/2015 09:32:52 - 
Sex, 28/08/2015 09:32:52 - Service
Sex, 28/08/2015 09:32:53 - 
Sex, 28/08/2015 09:32:53 - Aplicativo finalizado. Tempo de execucao: 0 segundos.
Sex, 28/08/2015 09:32:53 - 
Sex, 28/08/2015 10:45:57 - 
Sex, 28/08/2015 10:45:57 - Aplicativo iniciado
Sex, 28/08/2015 10:45:57 - 
Sex, 28/08/2015 10:45:57 - Service
Sex, 28/08/2015 10:47:46 - com.mysql.jdbc.exceptions.jdbc4.CommunicationsException: Communications link failure

The last packet sent successfully to the server was 0 milliseconds ago. The driver has not received any packets from the server.
Sex, 28/08/2015 10:47:46 - 
Sex, 28/08/2015 10:47:46 - Aplicativo finalizado. Tempo de execucao: 1 minutos.
Sex, 28/08/2015 10:47:46 - 
Sex, 28/08/2015 10:58:35 - 
Sex, 28/08/2015 10:58:35 - Aplicativo iniciado
Sex, 28/08/2015 10:58:35 - 
Sex, 28/08/2015 10:58:35 - Service
Sex, 28/08/2015 11:00:27 - com.mysql.jdbc.exceptions.jdbc4.CommunicationsException: Communications link failure

The last packet sent successfully to the server was 0 milliseconds ago. The driver has not received any packets from the server.
Sex, 28/08/2015 11:00:27 - 
Sex, 28/08/2015 11:00:27 - Aplicativo finalizado. Tempo de execucao: 1 minutos.
Sex, 28/08/2015 11:00:27 - 
Sex, 28/08/2015 11:08:04 - 
Sex, 28/08/2015 11:08:04 - Aplicativo iniciado
Sex, 28/08/2015 11:08:04 - 
Sex, 28/08/2015 11:08:04 - Service
Sex, 28/08/2015 11:09:54 - com.mysql.jdbc.exceptions.jdbc4.CommunicationsException: Communications link failure

The last packet sent successfully to the server was 0 milliseconds ago. The driver has not received any packets from the server.
Sex, 28/08/2015 11:09:54 - 
Sex, 28/08/2015 11:09:54 - Aplicativo finalizado. Tempo de execucao: 1 minutos.
Sex, 28/08/2015 11:09:54 - 
Sex, 28/08/2015 11:20:12 - 
Sex, 28/08/2015 11:20:12 - Aplicativo iniciado
Sex, 28/08/2015 11:20:12 - 
Sex, 28/08/2015 11:20:12 - Service
Sex, 28/08/2015 11:22:02 - com.mysql.jdbc.exceptions.jdbc4.CommunicationsException: Communications link failure

The last packet sent successfully to the server was 0 milliseconds ago. The driver has not received any packets from the server.
Sex, 28/08/2015 11:22:02 - 
Sex, 28/08/2015 11:22:02 - Aplicativo finalizado. Tempo de execucao: 1 minutos.
Sex, 28/08/2015 11:22:02 - 
Sex, 28/08/2015 11:25:06 - 
Sex, 28/08/2015 11:25:06 - Aplicativo iniciado
Sex, 28/08/2015 11:25:06 - 
Sex, 28/08/2015 11:25:06 - Service
Sex, 28/08/2015 11:26:58 - com.mysql.jdbc.exceptions.jdbc4.CommunicationsException: Communications link failure

The last packet sent successfully to the server was 0 milliseconds ago. The driver has not received any packets from the server.
Sex, 28/08/2015 11:26:58 - 
Sex, 28/08/2015 11:26:58 - Aplicativo finalizado. Tempo de execucao: 1 minutos.
Sex, 28/08/2015 11:26:58 - 
Sex, 28/08/2015 11:27:41 - 
Sex, 28/08/2015 11:27:41 - Aplicativo iniciado
Sex, 28/08/2015 11:27:41 - 
Sex, 28/08/2015 11:27:41 - Service
Sex, 28/08/2015 11:29:34 - com.mysql.jdbc.exceptions.jdbc4.CommunicationsException: Communications link failure

The last packet sent successfully to the server was 0 milliseconds ago. The driver has not received any packets from the server.
Sex, 28/08/2015 11:29:34 - 
Sex, 28/08/2015 11:29:34 - Aplicativo finalizado. Tempo de execucao: 1 minutos.
Sex, 28/08/2015 11:29:34 - 
Sex, 28/08/2015 11:34:28 - 
Sex, 28/08/2015 11:34:28 - Aplicativo iniciado
Sex, 28/08/2015 11:34:28 - 
Sex, 28/08/2015 11:34:28 - Service
Sex, 28/08/2015 11:36:27 - com.mysql.jdbc.exceptions.jdbc4.CommunicationsException: Communications link failure

The last packet sent successfully to the server was 0 milliseconds ago. The driver has not received any packets from the server.
Sex, 28/08/2015 11:36:27 - 
Sex, 28/08/2015 11:36:27 - Aplicativo finalizado. Tempo de execucao: 1 minutos.
Sex, 28/08/2015 11:36:27 - 
Sex, 28/08/2015 11:36:44 - 
Sex, 28/08/2015 11:36:44 - Aplicativo iniciado
Sex, 28/08/2015 11:36:44 - 
Sex, 28/08/2015 11:36:44 - Service
Sex, 28/08/2015 11:38:49 - com.mysql.jdbc.exceptions.jdbc4.CommunicationsException: Communications link failure

The last packet sent successfully to the server was 0 milliseconds ago. The driver has not received any packets from the server.
Sex, 28/08/2015 11:38:49 - 
Sex, 28/08/2015 11:38:49 - Aplicativo finalizado. Tempo de execucao: 2 minutos.
Sex, 28/08/2015 11:38:49 - 
Sex, 28/08/2015 11:45:44 - 
Sex, 28/08/2015 11:45:44 - Aplicativo iniciado
Sex, 28/08/2015 11:45:44 - 
Sex, 28/08/2015 11:45:44 - Service
Sex, 28/08/2015 11:47:38 - com.mysql.jdbc.exceptions.jdbc4.CommunicationsException: Communications link failure

The last packet sent successfully to the server was 0 milliseconds ago. The driver has not received any packets from the server.
Sex, 28/08/2015 11:47:38 - 
Sex, 28/08/2015 11:47:38 - Aplicativo finalizado. Tempo de execucao: 1 minutos.
Sex, 28/08/2015 11:47:38 - 
Sex, 28/08/2015 11:47:48 - 
Sex, 28/08/2015 11:47:48 - Aplicativo iniciado
Sex, 28/08/2015 11:47:48 - 
Sex, 28/08/2015 11:47:48 - Service
Sex, 28/08/2015 11:48:08 - com.mysql.jdbc.exceptions.jdbc4.CommunicationsException: Communications link failure

The last packet sent successfully to the server was 0 milliseconds ago. The driver has not received any packets from the server.
Sex, 28/08/2015 11:48:08 - 
Sex, 28/08/2015 11:48:08 - Aplicativo finalizado. Tempo de execucao: 20 segundos.
Sex, 28/08/2015 11:48:08 - 
Sex, 28/08/2015 11:48:31 - 
Sex, 28/08/2015 11:48:31 - Aplicativo iniciado
Sex, 28/08/2015 11:48:31 - 
Sex, 28/08/2015 11:48:31 - Service
Sex, 28/08/2015 11:49:33 - 
Sex, 28/08/2015 11:49:33 - Aplicativo finalizado. Tempo de execucao: 1 minutos.
Sex, 28/08/2015 11:49:33 - 
Sex, 28/08/2015 11:49:37 - 
Sex, 28/08/2015 11:49:37 - Aplicativo iniciado
Sex, 28/08/2015 11:49:37 - 
Sex, 28/08/2015 11:49:37 - Service
Sex, 28/08/2015 11:49:40 - 
Sex, 28/08/2015 11:49:40 - Aplicativo finalizado. Tempo de execucao: 3 segundos.
Sex, 28/08/2015 11:49:40 - 
