Seg, 14/05/2018 15:19:21 - 
Seg, 14/05/2018 15:19:21 - Aplicativo iniciado
Seg, 14/05/2018 15:19:21 - 
Seg, 14/05/2018 15:19:21 - Service
Seg, 14/05/2018 15:45:58 - 
Seg, 14/05/2018 15:45:58 - Aplicativo iniciado
Seg, 14/05/2018 15:45:58 - 
Seg, 14/05/2018 15:45:58 - Service
Seg, 14/05/2018 15:45:58 - com.mysql.jdbc.exceptions.jdbc4.MySQLSyntaxErrorException: You have an error in your SQL syntax; check the manual that corresponds to your MySQL server version for the right syntax to use near 'WHERE id = 1831266' at line 1
Seg, 14/05/2018 15:45:58 - 
Seg, 14/05/2018 15:45:58 - Aplicativo finalizado. Tempo de execucao: 0 segundos.
Seg, 14/05/2018 15:45:58 - 
Seg, 14/05/2018 15:47:00 - 
Seg, 14/05/2018 15:47:00 - Aplicativo iniciado
Seg, 14/05/2018 15:47:00 - 
Seg, 14/05/2018 15:47:00 - Service
Seg, 14/05/2018 15:47:27 - 
Seg, 14/05/2018 15:47:27 - Aplicativo iniciado
Seg, 14/05/2018 15:47:27 - 
Seg, 14/05/2018 15:47:27 - Service
Seg, 14/05/2018 15:51:35 - 
Seg, 14/05/2018 15:51:35 - Aplicativo iniciado
Seg, 14/05/2018 15:51:35 - 
Seg, 14/05/2018 15:51:35 - Service
Seg, 14/05/2018 15:51:40 - 
Seg, 14/05/2018 15:51:40 - Aplicativo finalizado. Tempo de execucao: 5 segundos.
Seg, 14/05/2018 15:51:40 - 
Seg, 14/05/2018 15:51:53 - 
Seg, 14/05/2018 15:51:53 - Aplicativo iniciado
Seg, 14/05/2018 15:51:53 - 
Seg, 14/05/2018 15:51:53 - Service
