Sex, 02/09/2016 10:19:46 - 
Sex, 02/09/2016 10:19:46 - Aplicativo iniciado
Sex, 02/09/2016 10:19:46 - 
Sex, 02/09/2016 10:19:46 - Service
Sex, 02/09/2016 10:19:46 - com.mysql.jdbc.exceptions.jdbc4.MySQLSyntaxErrorException: Unknown database 'sourcererdb_sf110'
Sex, 02/09/2016 10:19:46 - 
Sex, 02/09/2016 10:19:46 - Aplicativo finalizado. Tempo de execucao: 0 segundos.
Sex, 02/09/2016 10:19:46 - 
Sex, 02/09/2016 10:20:45 - 
Sex, 02/09/2016 10:20:45 - Aplicativo iniciado
Sex, 02/09/2016 10:20:45 - 
Sex, 02/09/2016 10:20:45 - Service
Sex, 02/09/2016 10:22:20 - 
Sex, 02/09/2016 10:22:20 - Aplicativo finalizado. Tempo de execucao: 1 minutos.
Sex, 02/09/2016 10:22:20 - 
Sex, 02/09/2016 10:22:53 - 
Sex, 02/09/2016 10:22:53 - Aplicativo iniciado
Sex, 02/09/2016 10:22:53 - 
Sex, 02/09/2016 10:22:53 - Service
Sex, 02/09/2016 10:31:55 - 
Sex, 02/09/2016 10:31:55 - Aplicativo finalizado. Tempo de execucao: 9 minutos.
Sex, 02/09/2016 10:31:55 - 
