Ter, 01/03/2016 12:09:35 - 
Ter, 01/03/2016 12:09:35 - Aplicativo iniciado
Ter, 01/03/2016 12:09:35 - 
Ter, 01/03/2016 12:09:35 - Service
Ter, 01/03/2016 12:09:38 - 
Ter, 01/03/2016 12:09:38 - Aplicativo finalizado. Tempo de execucao: 2 segundos.
Ter, 01/03/2016 12:09:38 - 
Ter, 01/03/2016 12:09:47 - 
Ter, 01/03/2016 12:09:47 - Aplicativo iniciado
Ter, 01/03/2016 12:09:47 - 
Ter, 01/03/2016 12:09:47 - Service
Ter, 01/03/2016 12:10:22 - 
Ter, 01/03/2016 12:10:22 - Aplicativo iniciado
Ter, 01/03/2016 12:10:22 - 
Ter, 01/03/2016 12:10:22 - Service
Ter, 01/03/2016 12:37:10 - com.mysql.jdbc.exceptions.jdbc4.CommunicationsException: Communications link failure

The last packet sent successfully to the server was 0 milliseconds ago. The driver has not received any packets from the server.
Ter, 01/03/2016 12:37:10 - 
Ter, 01/03/2016 12:37:10 - Aplicativo finalizado. Tempo de execucao: 26 minutos.
Ter, 01/03/2016 12:37:10 - 
Ter, 01/03/2016 12:44:43 - 
Ter, 01/03/2016 12:44:43 - Aplicativo iniciado
Ter, 01/03/2016 12:44:43 - 
Ter, 01/03/2016 12:44:43 - Service
Ter, 01/03/2016 14:00:04 - com.mysql.jdbc.exceptions.jdbc4.CommunicationsException: Communications link failure

The last packet sent successfully to the server was 0 milliseconds ago. The driver has not received any packets from the server.
Ter, 01/03/2016 14:00:04 - 
Ter, 01/03/2016 14:00:04 - Aplicativo finalizado. Tempo de execucao: 75 minutos.
Ter, 01/03/2016 14:00:04 - 
Ter, 01/03/2016 14:15:04 - 
Ter, 01/03/2016 14:15:04 - Aplicativo iniciado
Ter, 01/03/2016 14:15:04 - 
Ter, 01/03/2016 14:15:04 - Service
Ter, 01/03/2016 14:15:04 - com.mysql.jdbc.exceptions.jdbc4.CommunicationsException: Communications link failure

The last packet sent successfully to the server was 0 milliseconds ago. The driver has not received any packets from the server.
Ter, 01/03/2016 14:15:04 - 
Ter, 01/03/2016 14:15:04 - Aplicativo finalizado. Tempo de execucao: 0 segundos.
Ter, 01/03/2016 14:15:04 - 
Ter, 01/03/2016 14:15:11 - 
Ter, 01/03/2016 14:15:11 - Aplicativo iniciado
Ter, 01/03/2016 14:15:11 - 
Ter, 01/03/2016 14:15:11 - Service
Ter, 01/03/2016 14:15:11 - com.mysql.jdbc.exceptions.jdbc4.CommunicationsException: Communications link failure

The last packet sent successfully to the server was 0 milliseconds ago. The driver has not received any packets from the server.
Ter, 01/03/2016 14:15:11 - 
Ter, 01/03/2016 14:15:11 - Aplicativo finalizado. Tempo de execucao: 0 segundos.
Ter, 01/03/2016 14:15:11 - 
Ter, 01/03/2016 14:15:23 - 
Ter, 01/03/2016 14:15:23 - Aplicativo iniciado
Ter, 01/03/2016 14:15:23 - 
Ter, 01/03/2016 14:15:23 - Service
Ter, 01/03/2016 14:15:23 - com.mysql.jdbc.exceptions.jdbc4.CommunicationsException: Communications link failure

The last packet sent successfully to the server was 0 milliseconds ago. The driver has not received any packets from the server.
Ter, 01/03/2016 14:15:23 - 
Ter, 01/03/2016 14:15:23 - Aplicativo finalizado. Tempo de execucao: 0 segundos.
Ter, 01/03/2016 14:15:23 - 
Ter, 01/03/2016 14:16:19 - 
Ter, 01/03/2016 14:16:19 - Aplicativo iniciado
Ter, 01/03/2016 14:16:19 - 
Ter, 01/03/2016 14:16:19 - Service
Ter, 01/03/2016 14:16:32 - 
Ter, 01/03/2016 14:16:32 - Aplicativo iniciado
Ter, 01/03/2016 14:16:32 - 
Ter, 01/03/2016 14:16:32 - Service
Ter, 01/03/2016 15:36:11 - com.mysql.jdbc.exceptions.jdbc4.CommunicationsException: Communications link failure

The last packet sent successfully to the server was 0 milliseconds ago. The driver has not received any packets from the server.
Ter, 01/03/2016 15:36:11 - 
Ter, 01/03/2016 15:36:11 - Aplicativo finalizado. Tempo de execucao: 79 minutos.
Ter, 01/03/2016 15:36:11 - 
Ter, 01/03/2016 15:43:06 - 
Ter, 01/03/2016 15:43:06 - Aplicativo iniciado
Ter, 01/03/2016 15:43:06 - 
Ter, 01/03/2016 15:43:06 - Service
Ter, 01/03/2016 17:18:48 - com.mysql.jdbc.exceptions.jdbc4.CommunicationsException: Communications link failure

The last packet sent successfully to the server was 0 milliseconds ago. The driver has not received any packets from the server.
Ter, 01/03/2016 17:18:48 - 
Ter, 01/03/2016 17:18:48 - Aplicativo finalizado. Tempo de execucao: 95 minutos.
Ter, 01/03/2016 17:18:48 - 
Ter, 01/03/2016 17:19:29 - 
Ter, 01/03/2016 17:19:29 - Aplicativo iniciado
Ter, 01/03/2016 17:19:29 - 
Ter, 01/03/2016 17:19:29 - Service
Ter, 01/03/2016 19:02:05 - com.mysql.jdbc.exceptions.jdbc4.CommunicationsException: Communications link failure

The last packet sent successfully to the server was 0 milliseconds ago. The driver has not received any packets from the server.
Ter, 01/03/2016 19:02:05 - 
Ter, 01/03/2016 19:02:05 - Aplicativo finalizado. Tempo de execucao: 102 minutos.
Ter, 01/03/2016 19:02:05 - 
Ter, 01/03/2016 22:29:39 - 
Ter, 01/03/2016 22:29:39 - Aplicativo iniciado
Ter, 01/03/2016 22:29:39 - 
Ter, 01/03/2016 22:29:39 - Service
Ter, 01/03/2016 23:07:36 - 
Ter, 01/03/2016 23:07:36 - Aplicativo finalizado. Tempo de execucao: 37 minutos.
Ter, 01/03/2016 23:07:36 - 
